<?xml version="1.0" encoding="UTF-8"?>
<!-- Generated by org.testng.reporters.JUnitReportReporter -->
<testsuite hostname="DESKTOP-USNMA6Q" failures="0" tests="2" name="testngAnnotations.TestValidLogin" time="25.001" errors="0" timestamp="2022-06-08T23:37:44 IST" skipped="0">
  <testcase classname="testngAnnotations.TestValidLogin" name="search1" time="15.602"/>
  <system-out/>
  <testcase classname="testngAnnotations.TestValidLogin" name="search2" time="9.399"/>
  <system-out/>
</testsuite> <!-- testngAnnotations.TestValidLogin -->
