<?xml version="1.0" encoding="UTF-8"?>
<!-- Generated by org.testng.reporters.JUnitReportReporter -->
<testsuite hostname="DESKTOP-USNMA6Q" failures="0" tests="4" name="testngpack.Demo" time="0.008" errors="0" timestamp="2022-06-04T19:41:17 IST" skipped="0">
  <testcase classname="testngpack.Demo" name="method4" time="0.002"/>
  <system-out>
    <![CDATA[method exe]]>
  </system-out>
  <testcase classname="testngpack.Demo" name="method2" time="0.002"/>
  <system-out>
    <![CDATA[method exe]]>
  </system-out>
  <testcase classname="testngpack.Demo" name="method3" time="0.002"/>
  <system-out>
    <![CDATA[method exe]]>
  </system-out>
  <testcase classname="testngpack.Demo" name="method1" time="0.002"/>
  <system-out>
    <![CDATA[method exe]]>
  </system-out>
</testsuite> <!-- testngpack.Demo -->
