<?xml version="1.0" encoding="UTF-8"?>
<!-- Generated by org.testng.reporters.JUnitReportReporter -->
<testsuite hostname="DESKTOP-USNMA6Q" failures="0" tests="2" name="testngflags.MethodsParallel" time="0.022" errors="0" timestamp="2022-06-08T09:11:09 IST" skipped="0">
  <testcase classname="testngflags.MethodsParallel" name="Method1" time="0.011"/>
  <system-out>
    <![CDATA[18 thread id
mehtod1]]>
  </system-out>
  <testcase classname="testngflags.MethodsParallel" name="Method2" time="0.011"/>
  <system-out>
    <![CDATA[19 thread id
mehtod2]]>
  </system-out>
</testsuite> <!-- testngflags.MethodsParallel -->
