<?xml version="1.0" encoding="UTF-8"?>
<!-- Generated by org.testng.reporters.JUnitReportReporter -->
<testsuite hostname="DESKTOP-USNMA6Q" failures="0" tests="1" name="testngpack.Sumo" time="0.011" errors="0" timestamp="2022-06-04T19:41:17 IST" skipped="0">
  <testcase classname="testngpack.Sumo" name="S" time="0.011"/>
  <system-out>
    <![CDATA[sumo class method]]>
  </system-out>
</testsuite> <!-- testngpack.Sumo -->
