<?xml version="1.0" encoding="UTF-8"?>
<!-- Generated by org.testng.reporters.JUnitReportReporter -->
<testsuite hostname="DESKTOP-USNMA6Q" failures="0" tests="2" name="testngAnnotations.ExecutionofAnnotations" time="0.008" errors="0" timestamp="2022-06-13T15:56:57 IST" skipped="0">
  <testcase classname="testngAnnotations.ExecutionofAnnotations" name="testcae1" time="0.006"/>
  <system-out>
    <![CDATA[Test Case1]]>
  </system-out>
  <testcase classname="testngAnnotations.ExecutionofAnnotations" name="testcae2" time="0.002"/>
  <system-out>
    <![CDATA[Test Case2]]>
  </system-out>
</testsuite> <!-- testngAnnotations.ExecutionofAnnotations -->
