<?xml version="1.0" encoding="UTF-8"?>
<!-- Generated by org.testng.reporters.JUnitReportReporter -->
<testsuite hostname="DESKTOP-USNMA6Q" failures="0" tests="1" name="testngpack.Demo2" time="0.013" errors="0" timestamp="2022-06-04T19:30:49 IST" skipped="0">
  <testcase classname="testngpack.Demo2" name="output" time="0.013"/>
  <system-out>
    <![CDATA[methodexe]]>
  </system-out>
</testsuite> <!-- testngpack.Demo2 -->
