<?xml version="1.0" encoding="UTF-8"?>
<!-- Generated by org.testng.reporters.JUnitReportReporter -->
<testsuite hostname="DESKTOP-USNMA6Q" failures="0" tests="2" name="testngpack.ActiTimeLogin" time="32.919" errors="0" timestamp="2022-06-07T14:52:38 IST" skipped="0">
  <testcase classname="testngpack.ActiTimeLogin" name="login" time="18.829"/>
  <system-out/>
  <testcase classname="testngpack.ActiTimeLogin" name="login" time="14.090"/>
  <system-out/>
</testsuite> <!-- testngpack.ActiTimeLogin -->
