<?xml version="1.0" encoding="UTF-8"?>
<!-- Generated by org.testng.reporters.JUnitReportReporter -->
<testsuite hostname="DESKTOP-USNMA6Q" failures="0" tests="15" name="testngpack.Flag7" time="0.028" errors="0" timestamp="2022-06-06T11:59:57 IST" skipped="0">
  <testcase classname="testngpack.Flag7" name="i3" time="0.002"/>
  <system-out>
    <![CDATA[method i3]]>
  </system-out>
  <testcase classname="testngpack.Flag7" name="s5" time="0.002"/>
  <system-out>
    <![CDATA[method s5]]>
  </system-out>
  <testcase classname="testngpack.Flag7" name="s3" time="0.002"/>
  <system-out>
    <![CDATA[method s3]]>
  </system-out>
  <testcase classname="testngpack.Flag7" name="f1" time="0.010"/>
  <system-out>
    <![CDATA[method f1]]>
  </system-out>
  <testcase classname="testngpack.Flag7" name="i2" time="0.001"/>
  <system-out>
    <![CDATA[method i2]]>
  </system-out>
  <testcase classname="testngpack.Flag7" name="i5" time="0.001"/>
  <system-out>
    <![CDATA[method i5]]>
  </system-out>
  <testcase classname="testngpack.Flag7" name="f5" time="0.001"/>
  <system-out>
    <![CDATA[method f5]]>
  </system-out>
  <testcase classname="testngpack.Flag7" name="s4" time="0.001"/>
  <system-out>
    <![CDATA[method s4]]>
  </system-out>
  <testcase classname="testngpack.Flag7" name="f3" time="0.002"/>
  <system-out>
    <![CDATA[method f3]]>
  </system-out>
  <testcase classname="testngpack.Flag7" name="s2" time="0.001"/>
  <system-out>
    <![CDATA[method s2]]>
  </system-out>
  <testcase classname="testngpack.Flag7" name="f4" time="0.001"/>
  <system-out>
    <![CDATA[method f4]]>
  </system-out>
  <testcase classname="testngpack.Flag7" name="i1" time="0.001"/>
  <system-out>
    <![CDATA[method i1]]>
  </system-out>
  <testcase classname="testngpack.Flag7" name="s1" time="0.001"/>
  <system-out>
    <![CDATA[method s1]]>
  </system-out>
  <testcase classname="testngpack.Flag7" name="f2" time="0.001"/>
  <system-out>
    <![CDATA[method f2]]>
  </system-out>
  <testcase classname="testngpack.Flag7" name="i4" time="0.001"/>
  <system-out>
    <![CDATA[method i4]]>
  </system-out>
</testsuite> <!-- testngpack.Flag7 -->
