<?xml version="1.0" encoding="UTF-8"?>
<!-- Generated by org.testng.reporters.JUnitReportReporter -->
<testsuite hostname="DESKTOP-USNMA6Q" failures="0" tests="6" name="testngpack.Flag4Priority" time="0.014" errors="0" timestamp="2022-06-07T13:37:48 IST" skipped="0">
  <testcase classname="testngpack.Flag4Priority" name="g" time="0.010"/>
  <system-out>
    <![CDATA[g]]>
  </system-out>
  <testcase classname="testngpack.Flag4Priority" name="z" time="0.001"/>
  <system-out>
    <![CDATA[z]]>
  </system-out>
  <testcase classname="testngpack.Flag4Priority" name="b" time="0.001"/>
  <system-out>
    <![CDATA[b]]>
  </system-out>
  <testcase classname="testngpack.Flag4Priority" name="f" time="0.000"/>
  <system-out>
    <![CDATA[f]]>
  </system-out>
  <testcase classname="testngpack.Flag4Priority" name="e" time="0.001"/>
  <system-out>
    <![CDATA[e]]>
  </system-out>
  <testcase classname="testngpack.Flag4Priority" name="c" time="0.001"/>
  <system-out>
    <![CDATA[c]]>
  </system-out>
</testsuite> <!-- testngpack.Flag4Priority -->
