<?xml version="1.0" encoding="UTF-8"?>
<!-- Generated by org.testng.reporters.JUnitReportReporter -->
<testsuite hostname="DESKTOP-USNMA6Q" failures="0" tests="1" name="testngflags.Class1" time="8.533" errors="0" timestamp="2022-06-07T21:00:49 IST" skipped="0">
  <testcase classname="testngflags.Class1" name="f" time="8.533"/>
  <system-out/>
</testsuite> <!-- testngflags.Class1 -->
