<?xml version="1.0" encoding="UTF-8"?>
<!-- Generated by org.testng.reporters.JUnitReportReporter -->
<testsuite hostname="DESKTOP-USNMA6Q" failures="0" tests="2" name="testngpack.Flag1" time="0.008" errors="0" timestamp="2022-06-07T13:15:38 IST" skipped="1">
  <testcase classname="testngpack.Flag1" name="f5" time="0.008"/>
  <system-out>
    <![CDATA[method exe]]>
  </system-out>
  <testcase classname="testngpack.Flag1" name="f2">
    <skipped/>
  </testcase> <!-- f2 -->
  <system-out/>
</testsuite> <!-- testngpack.Flag1 -->
