<?xml version="1.0" encoding="UTF-8"?>
<!-- Generated by org.testng.reporters.JUnitReportReporter -->
<testsuite hostname="DESKTOP-USNMA6Q" failures="0" tests="1" name="testngpack.Remo" time="0.001" errors="0" timestamp="2022-06-04T19:41:17 IST" skipped="0">
  <testcase classname="testngpack.Remo" name="R" time="0.001"/>
  <system-out>
    <![CDATA[remo class method]]>
  </system-out>
</testsuite> <!-- testngpack.Remo -->
